<?xml version="1.0" encoding="UTF-8"?>
<!-- Generated by org.testng.reporters.JUnitXMLReporter -->
<testsuite hostname="Sproutlogix" ignored="0" name="Test" tests="11" failures="2" timestamp="2019-12-08T12:19:15 IST" time="3.46" errors="0">
  <testcase name="Q" time="0.0" classname="mewpackage.ClassAA">
    <failure type="org.testng.TestNGException" message="
Parameter &amp;apos;lounch&amp;apos; is required by @Test on method Q but has not been marked @Optional or defined
in C:\Users\Rani\eclipse-workspace\Dev\src\Sampledemotest\abctng.xml">
      <![CDATA[org.testng.TestNGException: 
Parameter 'lounch' is required by @Test on method Q but has not been marked @Optional or defined
in C:\Users\Rani\eclipse-workspace\Dev\src\Sampledemotest\abctng.xml
at java.util.ArrayList.forEach(Unknown Source)
... Removed 26 stack frames]]>
    </failure>
  </testcase> <!-- Q -->
  <testcase name="Q1" time="0.008" classname="mewpackage.ClassAA"/>
  <testcase name="Q3" time="0.001" classname="mewpackage.ClassAA"/>
  <testcase name="Q1" time="0.002" classname="mewpackage.ClassB"/>
  <testcase name="Q2" time="0.004" classname="mewpackage.ClassB"/>
  <testcase name="Q5" time="0.004" classname="mewpackage.Classc"/>
  <testcase name="Q6" time="0.005" classname="mewpackage.Classc"/>
  <testcase name="Q7" time="0.003" classname="mewpackage.Classc"/>
  <testcase name="gettitle" time="0.001" classname="mewpackage.Annotatinexample">
    <failure type="java.lang.NullPointerException">
      <![CDATA[java.lang.NullPointerException
at mewpackage.Annotatinexample.gettitle(Annotatinexample.java:23)
at java.util.ArrayList.forEach(Unknown Source)
... Removed 27 stack frames]]>
    </failure>
  </testcase> <!-- gettitle -->
  <testcase name="gettitle1" time="0.0" classname="mewpackage.Annotatinexample">
    <skipped/>
  </testcase> <!-- gettitle1 -->
  <testcase name="gettitle2" time="0.0" classname="mewpackage.Annotatinexample">
    <skipped/>
  </testcase> <!-- gettitle2 -->
</testsuite> <!-- Test -->
