<?xml version="1.0" encoding="UTF-8"?>
<!-- Generated by org.testng.reporters.JUnitXMLReporter -->
<testsuite hostname="Sproutlogix" ignored="1" name="TestB" tests="2" failures="0" timestamp="2019-12-07T11:56:38 IST" time="0.02" errors="0">
  <testcase name="Testcase1" time="0.004" classname="testngdayone.NewTest"/>
  <testcase name="Testcase2" time="0.004" classname="testngdayone.NewTest"/>
  <testcase name="A" time="0.0" classname="testngdayone.NewTest">
    <ignored/>
  </testcase> <!-- A -->
</testsuite> <!-- TestB -->
