<?xml version="1.0" encoding="UTF-8"?>
<testng-results skipped="0" failed="1" ignored="0" total="2" passed="1">
  <reporter-output>
  </reporter-output>
  <suite name="yahooapplogin" duration-ms="181" started-at="2019-12-16T09:00:49 IST" finished-at="2019-12-16T09:00:49 IST">
    <groups>
    </groups>
    <test name="yahoo app test" duration-ms="181" started-at="2019-12-16T09:00:49 IST" finished-at="2019-12-16T09:00:49 IST">
      <class name="pack.Paramet1">
        <test-method status="FAIL" signature="testcaseone(java.lang.String, java.lang.String)[pri:0, instance:pack.Paramet1@5a8e6209]" name="testcaseone" duration-ms="0" started-at="2019-12-16T09:00:49 IST" finished-at="2019-12-16T09:00:49 IST">
          <exception class="org.testng.TestNGException">
            <message>
              <![CDATA[
Parameter 'browser' is required by @Test on method testcaseone but has not been marked @Optional or defined
in C:\Users\Rani\eclipse-workspace\Dev\src\annotationparameters\src\Testparameters.xml]]>
            </message>
            <full-stacktrace>
              <![CDATA[org.testng.TestNGException: 
Parameter 'browser' is required by @Test on method testcaseone but has not been marked @Optional or defined
in C:\Users\Rani\eclipse-workspace\Dev\src\annotationparameters\src\Testparameters.xml
at org.testng.internal.Parameters.createParams(Parameters.java:289)
at org.testng.internal.Parameters.createParametersForMethod(Parameters.java:377)
at org.testng.internal.Parameters.createParameters(Parameters.java:721)
at org.testng.internal.Parameters.handleParameters(Parameters.java:895)
at org.testng.internal.Parameters.handleParameters(Parameters.java:762)
at org.testng.internal.ParameterHandler.handleParameters(ParameterHandler.java:60)
at org.testng.internal.ParameterHandler.createParameters(ParameterHandler.java:39)
at org.testng.internal.TestInvoker$MethodInvocationAgent.invoke(TestInvoker.java:771)
at org.testng.internal.TestInvoker.invokeTestMethods(TestInvoker.java:145)
at org.testng.internal.TestMethodWorker.invokeTestMethods(TestMethodWorker.java:146)
at org.testng.internal.TestMethodWorker.run(TestMethodWorker.java:128)
at java.util.ArrayList.forEach(Unknown Source)
at org.testng.TestRunner.privateRun(TestRunner.java:770)
at org.testng.TestRunner.run(TestRunner.java:591)
at org.testng.SuiteRunner.runTest(SuiteRunner.java:402)
at org.testng.SuiteRunner.runSequentially(SuiteRunner.java:396)
at org.testng.SuiteRunner.privateRun(SuiteRunner.java:355)
at org.testng.SuiteRunner.run(SuiteRunner.java:304)
at org.testng.SuiteRunnerWorker.runSuite(SuiteRunnerWorker.java:53)
at org.testng.SuiteRunnerWorker.run(SuiteRunnerWorker.java:96)
at org.testng.TestNG.runSuitesSequentially(TestNG.java:1180)
at org.testng.TestNG.runSuitesLocally(TestNG.java:1102)
at org.testng.TestNG.runSuites(TestNG.java:1032)
at org.testng.TestNG.run(TestNG.java:1000)
at org.testng.remote.AbstractRemoteTestNG.run(AbstractRemoteTestNG.java:115)
at org.testng.remote.RemoteTestNG.initAndRun(RemoteTestNG.java:251)
at org.testng.remote.RemoteTestNG.main(RemoteTestNG.java:77)
]]>
            </full-stacktrace>
          </exception> <!-- org.testng.TestNGException -->
          <reporter-output>
          </reporter-output>
        </test-method> <!-- testcaseone -->
      </class> <!-- pack.Paramet1 -->
      <class name="pack.Paramet2">
        <test-method status="PASS" signature="Pa(java.lang.String, java.lang.String)[pri:0, instance:pack.Paramet2@4b4523f8]" name="Pa" duration-ms="32" started-at="2019-12-16T09:00:49 IST" finished-at="2019-12-16T09:00:49 IST">
          <params>
            <param index="0">
              <value>
                <![CDATA[chrome]]>
              </value>
            </param>
            <param index="1">
              <value>
                <![CDATA[rani]]>
              </value>
            </param>
          </params>
          <reporter-output>
          </reporter-output>
        </test-method> <!-- Pa -->
      </class> <!-- pack.Paramet2 -->
    </test> <!-- yahoo app test -->
  </suite> <!-- yahooapplogin -->
</testng-results>
